{"/Users/maragreene/Desktop/elevate/backend/app.js": {"path":"/Users/maragreene/Desktop/elevate/backend/app.js","statementMap":{"0":{"start":{"line":2,"column":16},"end":{"line":2,"column":34}},"1":{"start":{"line":3,"column":12},"end":{"line":3,"column":21}},"2":{"start":{"line":4,"column":13},"end":{"line":4,"column":28}},"3":{"start":{"line":5,"column":0},"end":{"line":5,"column":16}},"4":{"start":{"line":9,"column":20},"end":{"line":9,"column":45}},"5":{"start":{"line":10,"column":23},"end":{"line":10,"column":51}},"6":{"start":{"line":11,"column":19},"end":{"line":11,"column":43}},"7":{"start":{"line":12,"column":22},"end":{"line":12,"column":49}},"8":{"start":{"line":14,"column":0},"end":{"line":14,"column":24}},"9":{"start":{"line":15,"column":0},"end":{"line":15,"column":48}},"10":{"start":{"line":18,"column":0},"end":{"line":18,"column":30}},"11":{"start":{"line":19,"column":0},"end":{"line":19,"column":31}},"12":{"start":{"line":20,"column":0},"end":{"line":20,"column":37}},"13":{"start":{"line":21,"column":0},"end":{"line":21,"column":34}},"14":{"start":{"line":25,"column":0},"end":{"line":30,"column":3}},"15":{"start":{"line":26,"column":14},"end":{"line":26,"column":41}},"16":{"start":{"line":29,"column":2},"end":{"line":29,"column":19}},"17":{"start":{"line":34,"column":0},"end":{"line":42,"column":3}},"18":{"start":{"line":35,"column":2},"end":{"line":35,"column":32}},"19":{"start":{"line":36,"column":2},"end":{"line":36,"column":27}},"20":{"start":{"line":38,"column":2},"end":{"line":41,"column":5}},"21":{"start":{"line":44,"column":0},"end":{"line":44,"column":21}}},"fnMap":{"0":{"name":"(anonymous_0)","decl":{"start":{"line":25,"column":8},"end":{"line":25,"column":9}},"loc":{"start":{"line":25,"column":34},"end":{"line":30,"column":1}},"line":25},"1":{"name":"(anonymous_1)","decl":{"start":{"line":34,"column":8},"end":{"line":34,"column":9}},"loc":{"start":{"line":34,"column":39},"end":{"line":42,"column":1}},"line":34}},"branchMap":{"0":{"loc":{"start":{"line":35,"column":13},"end":{"line":35,"column":30}},"type":"binary-expr","locations":[{"start":{"line":35,"column":13},"end":{"line":35,"column":23}},{"start":{"line":35,"column":27},"end":{"line":35,"column":30}}],"line":35}},"s":{"0":5,"1":5,"2":5,"3":5,"4":5,"5":5,"6":5,"7":5,"8":5,"9":5,"10":5,"11":5,"12":5,"13":5,"14":5,"15":0,"16":0,"17":5,"18":12,"19":12,"20":12,"21":5},"f":{"0":0,"1":12},"b":{"0":[12,2]},"_coverageSchema":"43e27e138ebf9cfc5966b082cf9a028302ed4184","hash":"5c0860949cd252b6cbdebbd0b88b4899195b3b1d"}
,"/Users/maragreene/Desktop/elevate/backend/config.js": {"path":"/Users/maragreene/Desktop/elevate/backend/config.js","statementMap":{"0":{"start":{"line":3,"column":0},"end":{"line":3,"column":27}},"1":{"start":{"line":5,"column":15},"end":{"line":5,"column":47}},"2":{"start":{"line":7,"column":13},"end":{"line":7,"column":38}},"3":{"start":{"line":11,"column":0},"end":{"line":15,"column":1}},"4":{"start":{"line":12,"column":2},"end":{"line":12,"column":26}},"5":{"start":{"line":14,"column":2},"end":{"line":14,"column":49}},"6":{"start":{"line":17,"column":0},"end":{"line":17,"column":38}},"7":{"start":{"line":19,"column":22},"end":{"line":25,"column":146}},"8":{"start":{"line":27,"column":24},"end":{"line":33,"column":34}},"9":{"start":{"line":35,"column":25},"end":{"line":41,"column":82}},"10":{"start":{"line":43,"column":0},"end":{"line":50,"column":2}}},"fnMap":{},"branchMap":{"0":{"loc":{"start":{"line":5,"column":15},"end":{"line":5,"column":47}},"type":"binary-expr","locations":[{"start":{"line":5,"column":15},"end":{"line":5,"column":37}},{"start":{"line":5,"column":41},"end":{"line":5,"column":47}}],"line":5},"1":{"loc":{"start":{"line":7,"column":13},"end":{"line":7,"column":38}},"type":"binary-expr","locations":[{"start":{"line":7,"column":13},"end":{"line":7,"column":30}},{"start":{"line":7,"column":34},"end":{"line":7,"column":38}}],"line":7},"2":{"loc":{"start":{"line":11,"column":0},"end":{"line":15,"column":1}},"type":"if","locations":[{"start":{"line":11,"column":0},"end":{"line":15,"column":1}},{"start":{"line":11,"column":0},"end":{"line":15,"column":1}}],"line":11},"3":{"loc":{"start":{"line":14,"column":11},"end":{"line":14,"column":48}},"type":"binary-expr","locations":[{"start":{"line":14,"column":11},"end":{"line":14,"column":35}},{"start":{"line":14,"column":39},"end":{"line":14,"column":48}}],"line":14}},"s":{"0":7,"1":7,"2":7,"3":7,"4":7,"5":0,"6":7,"7":7,"8":7,"9":7,"10":7},"f":{},"b":{"0":[7,7],"1":[7,7],"2":[7,0],"3":[0,0]},"_coverageSchema":"43e27e138ebf9cfc5966b082cf9a028302ed4184","hash":"5491e7ff781a26f01fcd6ec79aa58fda1c011d25"}
,"/Users/maragreene/Desktop/elevate/backend/createToken.js": {"path":"/Users/maragreene/Desktop/elevate/backend/createToken.js","statementMap":{"0":{"start":{"line":1,"column":12},"end":{"line":1,"column":35}},"1":{"start":{"line":2,"column":18},"end":{"line":2,"column":37}},"2":{"start":{"line":6,"column":18},"end":{"line":9,"column":5}},"3":{"start":{"line":10,"column":4},"end":{"line":10,"column":37}},"4":{"start":{"line":13,"column":0},"end":{"line":13,"column":29}}},"fnMap":{"0":{"name":"createToken","decl":{"start":{"line":5,"column":9},"end":{"line":5,"column":20}},"loc":{"start":{"line":5,"column":26},"end":{"line":11,"column":1}},"line":5}},"branchMap":{},"s":{"0":5,"1":5,"2":36,"3":36,"4":5},"f":{"0":36},"b":{},"_coverageSchema":"43e27e138ebf9cfc5966b082cf9a028302ed4184","hash":"e9468e45cf7e34d20dba2e497e48e9314a0e911e"}
,"/Users/maragreene/Desktop/elevate/backend/db.js": {"path":"/Users/maragreene/Desktop/elevate/backend/db.js","statementMap":{"0":{"start":{"line":3,"column":19},"end":{"line":3,"column":32}},"1":{"start":{"line":4,"column":19},"end":{"line":4,"column":38}},"2":{"start":{"line":6,"column":15},"end":{"line":8,"column":2}},"3":{"start":{"line":10,"column":0},"end":{"line":10,"column":17}},"4":{"start":{"line":13,"column":0},"end":{"line":13,"column":24}}},"fnMap":{},"branchMap":{},"s":{"0":7,"1":7,"2":7,"3":7,"4":7},"f":{},"b":{},"_coverageSchema":"43e27e138ebf9cfc5966b082cf9a028302ed4184","hash":"7e3a9b8f4d3b60948e253a8a577febc81848487b"}
,"/Users/maragreene/Desktop/elevate/backend/helpers/partialUpdate.js": {"path":"/Users/maragreene/Desktop/elevate/backend/helpers/partialUpdate.js","statementMap":{"0":{"start":{"line":18,"column":12},"end":{"line":18,"column":13}},"1":{"start":{"line":19,"column":16},"end":{"line":19,"column":18}},"2":{"start":{"line":22,"column":2},"end":{"line":26,"column":3}},"3":{"start":{"line":23,"column":4},"end":{"line":25,"column":5}},"4":{"start":{"line":24,"column":6},"end":{"line":24,"column":23}},"5":{"start":{"line":28,"column":2},"end":{"line":31,"column":3}},"6":{"start":{"line":29,"column":4},"end":{"line":29,"column":38}},"7":{"start":{"line":30,"column":4},"end":{"line":30,"column":13}},"8":{"start":{"line":34,"column":13},"end":{"line":34,"column":31}},"9":{"start":{"line":35,"column":14},"end":{"line":35,"column":76}},"10":{"start":{"line":37,"column":15},"end":{"line":37,"column":35}},"11":{"start":{"line":38,"column":2},"end":{"line":38,"column":18}},"12":{"start":{"line":40,"column":2},"end":{"line":40,"column":25}},"13":{"start":{"line":44,"column":0},"end":{"line":44,"column":37}}},"fnMap":{"0":{"name":"sqlForPartialUpdate","decl":{"start":{"line":14,"column":9},"end":{"line":14,"column":28}},"loc":{"start":{"line":14,"column":52},"end":{"line":41,"column":1}},"line":14}},"branchMap":{"0":{"loc":{"start":{"line":23,"column":4},"end":{"line":25,"column":5}},"type":"if","locations":[{"start":{"line":23,"column":4},"end":{"line":25,"column":5}},{"start":{"line":23,"column":4},"end":{"line":25,"column":5}}],"line":23}},"s":{"0":7,"1":7,"2":7,"3":14,"4":3,"5":7,"6":11,"7":11,"8":7,"9":7,"10":7,"11":7,"12":7,"13":8},"f":{"0":7},"b":{"0":[3,11]},"_coverageSchema":"43e27e138ebf9cfc5966b082cf9a028302ed4184","hash":"aa2c2e9e858a139b8eb22f54cc2bf7c93aae7ef0"}
,"/Users/maragreene/Desktop/elevate/backend/middleware/auth.js": {"path":"/Users/maragreene/Desktop/elevate/backend/middleware/auth.js","statementMap":{"0":{"start":{"line":3,"column":12},"end":{"line":3,"column":35}},"1":{"start":{"line":4,"column":19},"end":{"line":4,"column":39}},"2":{"start":{"line":16,"column":2},"end":{"line":27,"column":3}},"3":{"start":{"line":17,"column":21},"end":{"line":17,"column":56}},"4":{"start":{"line":18,"column":16},"end":{"line":18,"column":44}},"5":{"start":{"line":19,"column":4},"end":{"line":19,"column":32}},"6":{"start":{"line":20,"column":4},"end":{"line":20,"column":18}},"7":{"start":{"line":24,"column":23},"end":{"line":24,"column":62}},"8":{"start":{"line":25,"column":4},"end":{"line":25,"column":30}},"9":{"start":{"line":26,"column":4},"end":{"line":26,"column":29}},"10":{"start":{"line":39,"column":2},"end":{"line":55,"column":3}},"11":{"start":{"line":40,"column":21},"end":{"line":40,"column":56}},"12":{"start":{"line":41,"column":16},"end":{"line":41,"column":44}},"13":{"start":{"line":42,"column":4},"end":{"line":42,"column":32}},"14":{"start":{"line":44,"column":4},"end":{"line":46,"column":5}},"15":{"start":{"line":45,"column":6},"end":{"line":45,"column":20}},"16":{"start":{"line":48,"column":4},"end":{"line":48,"column":21}},"17":{"start":{"line":51,"column":25},"end":{"line":51,"column":68}},"18":{"start":{"line":52,"column":4},"end":{"line":52,"column":30}},"19":{"start":{"line":54,"column":4},"end":{"line":54,"column":29}},"20":{"start":{"line":68,"column":2},"end":{"line":84,"column":3}},"21":{"start":{"line":69,"column":21},"end":{"line":69,"column":56}},"22":{"start":{"line":70,"column":16},"end":{"line":70,"column":44}},"23":{"start":{"line":71,"column":4},"end":{"line":71,"column":32}},"24":{"start":{"line":73,"column":4},"end":{"line":75,"column":5}},"25":{"start":{"line":74,"column":6},"end":{"line":74,"column":19}},"26":{"start":{"line":77,"column":4},"end":{"line":77,"column":21}},"27":{"start":{"line":80,"column":25},"end":{"line":80,"column":60}},"28":{"start":{"line":81,"column":4},"end":{"line":81,"column":29}},"29":{"start":{"line":83,"column":4},"end":{"line":83,"column":29}},"30":{"start":{"line":87,"column":0},"end":{"line":91,"column":2}}},"fnMap":{"0":{"name":"authRequired","decl":{"start":{"line":15,"column":9},"end":{"line":15,"column":21}},"loc":{"start":{"line":15,"column":38},"end":{"line":28,"column":1}},"line":15},"1":{"name":"adminRequired","decl":{"start":{"line":38,"column":9},"end":{"line":38,"column":22}},"loc":{"start":{"line":38,"column":39},"end":{"line":56,"column":1}},"line":38},"2":{"name":"ensureCorrectUser","decl":{"start":{"line":67,"column":9},"end":{"line":67,"column":26}},"loc":{"start":{"line":67,"column":43},"end":{"line":85,"column":1}},"line":67}},"branchMap":{"0":{"loc":{"start":{"line":17,"column":21},"end":{"line":17,"column":56}},"type":"binary-expr","locations":[{"start":{"line":17,"column":21},"end":{"line":17,"column":36}},{"start":{"line":17,"column":40},"end":{"line":17,"column":56}}],"line":17},"1":{"loc":{"start":{"line":40,"column":21},"end":{"line":40,"column":56}},"type":"binary-expr","locations":[{"start":{"line":40,"column":21},"end":{"line":40,"column":36}},{"start":{"line":40,"column":40},"end":{"line":40,"column":56}}],"line":40},"2":{"loc":{"start":{"line":44,"column":4},"end":{"line":46,"column":5}},"type":"if","locations":[{"start":{"line":44,"column":4},"end":{"line":46,"column":5}},{"start":{"line":44,"column":4},"end":{"line":46,"column":5}}],"line":44},"3":{"loc":{"start":{"line":69,"column":21},"end":{"line":69,"column":56}},"type":"binary-expr","locations":[{"start":{"line":69,"column":21},"end":{"line":69,"column":36}},{"start":{"line":69,"column":40},"end":{"line":69,"column":56}}],"line":69},"4":{"loc":{"start":{"line":73,"column":4},"end":{"line":75,"column":5}},"type":"if","locations":[{"start":{"line":73,"column":4},"end":{"line":75,"column":5}},{"start":{"line":73,"column":4},"end":{"line":75,"column":5}}],"line":73}},"s":{"0":5,"1":5,"2":9,"3":9,"4":9,"5":9,"6":9,"7":0,"8":0,"9":0,"10":0,"11":0,"12":0,"13":0,"14":0,"15":0,"16":0,"17":0,"18":0,"19":0,"20":12,"21":12,"22":12,"23":11,"24":11,"25":6,"26":5,"27":6,"28":6,"29":6,"30":5},"f":{"0":9,"1":0,"2":12},"b":{"0":[9,0],"1":[0,0],"2":[0,0],"3":[12,0],"4":[6,5]},"_coverageSchema":"43e27e138ebf9cfc5966b082cf9a028302ed4184","hash":"f5b28200fdc7dc9de2cc5c24b950f56f96083cb6"}
,"/Users/maragreene/Desktop/elevate/backend/models/charges.js": {"path":"/Users/maragreene/Desktop/elevate/backend/models/charges.js","statementMap":{"0":{"start":{"line":1,"column":11},"end":{"line":1,"column":27}},"1":{"start":{"line":2,"column":28},"end":{"line":2,"column":63}},"2":{"start":{"line":3,"column":15},"end":{"line":3,"column":78}},"3":{"start":{"line":11,"column":23},"end":{"line":13,"column":22}},"4":{"start":{"line":14,"column":8},"end":{"line":14,"column":27}},"5":{"start":{"line":18,"column":8},"end":{"line":20,"column":11}},"6":{"start":{"line":19,"column":12},"end":{"line":19,"column":52}},"7":{"start":{"line":21,"column":23},"end":{"line":28,"column":9}},"8":{"start":{"line":30,"column":8},"end":{"line":32,"column":9}},"9":{"start":{"line":31,"column":12},"end":{"line":31,"column":43}},"10":{"start":{"line":34,"column":8},"end":{"line":34,"column":27}},"11":{"start":{"line":40,"column":23},"end":{"line":46,"column":9}},"12":{"start":{"line":47,"column":8},"end":{"line":47,"column":30}},"13":{"start":{"line":52,"column":25},"end":{"line":57,"column":10}},"14":{"start":{"line":58,"column":8},"end":{"line":58,"column":22}},"15":{"start":{"line":62,"column":8},"end":{"line":62,"column":28}},"16":{"start":{"line":63,"column":23},"end":{"line":68,"column":9}},"17":{"start":{"line":69,"column":8},"end":{"line":69,"column":30}},"18":{"start":{"line":80,"column":32},"end":{"line":85,"column":9}},"19":{"start":{"line":87,"column":23},"end":{"line":87,"column":52}},"20":{"start":{"line":88,"column":23},"end":{"line":88,"column":37}},"21":{"start":{"line":91,"column":8},"end":{"line":95,"column":9}},"22":{"start":{"line":92,"column":27},"end":{"line":92,"column":68}},"23":{"start":{"line":93,"column":12},"end":{"line":93,"column":34}},"24":{"start":{"line":94,"column":12},"end":{"line":94,"column":27}},"25":{"start":{"line":96,"column":8},"end":{"line":96,"column":22}},"26":{"start":{"line":101,"column":23},"end":{"line":105,"column":17}},"27":{"start":{"line":107,"column":8},"end":{"line":111,"column":9}},"28":{"start":{"line":108,"column":27},"end":{"line":108,"column":68}},"29":{"start":{"line":109,"column":12},"end":{"line":109,"column":34}},"30":{"start":{"line":110,"column":12},"end":{"line":110,"column":27}},"31":{"start":{"line":113,"column":8},"end":{"line":113,"column":30}},"32":{"start":{"line":121,"column":0},"end":{"line":121,"column":25}}},"fnMap":{"0":{"name":"(anonymous_0)","decl":{"start":{"line":10,"column":4},"end":{"line":10,"column":5}},"loc":{"start":{"line":10,"column":27},"end":{"line":15,"column":5}},"line":10},"1":{"name":"(anonymous_1)","decl":{"start":{"line":17,"column":4},"end":{"line":17,"column":5}},"loc":{"start":{"line":17,"column":40},"end":{"line":36,"column":5}},"line":17},"2":{"name":"(anonymous_2)","decl":{"start":{"line":38,"column":4},"end":{"line":38,"column":5}},"loc":{"start":{"line":38,"column":37},"end":{"line":48,"column":5}},"line":38},"3":{"name":"(anonymous_3)","decl":{"start":{"line":50,"column":4},"end":{"line":50,"column":5}},"loc":{"start":{"line":50,"column":57},"end":{"line":59,"column":5}},"line":50},"4":{"name":"(anonymous_4)","decl":{"start":{"line":61,"column":4},"end":{"line":61,"column":5}},"loc":{"start":{"line":61,"column":30},"end":{"line":70,"column":5}},"line":61},"5":{"name":"(anonymous_5)","decl":{"start":{"line":79,"column":4},"end":{"line":79,"column":5}},"loc":{"start":{"line":79,"column":34},"end":{"line":97,"column":5}},"line":79},"6":{"name":"(anonymous_6)","decl":{"start":{"line":100,"column":4},"end":{"line":100,"column":5}},"loc":{"start":{"line":100,"column":28},"end":{"line":114,"column":5}},"line":100}},"branchMap":{"0":{"loc":{"start":{"line":18,"column":8},"end":{"line":20,"column":11}},"type":"if","locations":[{"start":{"line":18,"column":8},"end":{"line":20,"column":11}},{"start":{"line":18,"column":8},"end":{"line":20,"column":11}}],"line":18},"1":{"loc":{"start":{"line":30,"column":8},"end":{"line":32,"column":9}},"type":"if","locations":[{"start":{"line":30,"column":8},"end":{"line":32,"column":9}},{"start":{"line":30,"column":8},"end":{"line":32,"column":9}}],"line":30},"2":{"loc":{"start":{"line":91,"column":8},"end":{"line":95,"column":9}},"type":"if","locations":[{"start":{"line":91,"column":8},"end":{"line":95,"column":9}},{"start":{"line":91,"column":8},"end":{"line":95,"column":9}}],"line":91},"3":{"loc":{"start":{"line":107,"column":8},"end":{"line":111,"column":9}},"type":"if","locations":[{"start":{"line":107,"column":8},"end":{"line":111,"column":9}},{"start":{"line":107,"column":8},"end":{"line":111,"column":9}}],"line":107}},"s":{"0":6,"1":6,"2":6,"3":2,"4":2,"5":1,"6":0,"7":1,"8":1,"9":0,"10":1,"11":4,"12":4,"13":2,"14":1,"15":5,"16":5,"17":4,"18":2,"19":2,"20":2,"21":2,"22":0,"23":0,"24":0,"25":2,"26":1,"27":1,"28":0,"29":0,"30":0,"31":1,"32":6},"f":{"0":2,"1":1,"2":4,"3":2,"4":5,"5":2,"6":1},"b":{"0":[0,1],"1":[0,1],"2":[0,2],"3":[0,1]},"_coverageSchema":"43e27e138ebf9cfc5966b082cf9a028302ed4184","hash":"99c4b2977e91de02b4c21fc52d74450b9bc2caa2"}
,"/Users/maragreene/Desktop/elevate/backend/models/salary.js": {"path":"/Users/maragreene/Desktop/elevate/backend/models/salary.js","statementMap":{"0":{"start":{"line":1,"column":11},"end":{"line":1,"column":27}},"1":{"start":{"line":10,"column":19},"end":{"line":16,"column":47}},"2":{"start":{"line":18,"column":4},"end":{"line":18,"column":23}},"3":{"start":{"line":24,"column":21},"end":{"line":33,"column":53}},"4":{"start":{"line":34,"column":21},"end":{"line":34,"column":35}},"5":{"start":{"line":35,"column":6},"end":{"line":37,"column":7}},"6":{"start":{"line":36,"column":8},"end":{"line":36,"column":79}},"7":{"start":{"line":38,"column":6},"end":{"line":38,"column":20}},"8":{"start":{"line":44,"column":47},"end":{"line":44,"column":51}},"9":{"start":{"line":45,"column":4},"end":{"line":47,"column":5}},"10":{"start":{"line":46,"column":6},"end":{"line":46,"column":46}},"11":{"start":{"line":48,"column":19},"end":{"line":53,"column":5}},"12":{"start":{"line":54,"column":4},"end":{"line":54,"column":26}},"13":{"start":{"line":65,"column":4},"end":{"line":71,"column":5}},"14":{"start":{"line":66,"column":25},"end":{"line":66,"column":68}},"15":{"start":{"line":67,"column":26},"end":{"line":67,"column":54}},"16":{"start":{"line":68,"column":6},"end":{"line":68,"column":40}},"17":{"start":{"line":70,"column":6},"end":{"line":70,"column":68}},"18":{"start":{"line":77,"column":19},"end":{"line":81,"column":11}},"19":{"start":{"line":83,"column":4},"end":{"line":87,"column":5}},"20":{"start":{"line":84,"column":21},"end":{"line":84,"column":62}},"21":{"start":{"line":85,"column":6},"end":{"line":85,"column":28}},"22":{"start":{"line":86,"column":6},"end":{"line":86,"column":21}},"23":{"start":{"line":89,"column":4},"end":{"line":89,"column":26}},"24":{"start":{"line":93,"column":0},"end":{"line":93,"column":24}}},"fnMap":{"0":{"name":"(anonymous_0)","decl":{"start":{"line":9,"column":2},"end":{"line":9,"column":3}},"loc":{"start":{"line":9,"column":25},"end":{"line":19,"column":3}},"line":9},"1":{"name":"(anonymous_1)","decl":{"start":{"line":23,"column":2},"end":{"line":23,"column":3}},"loc":{"start":{"line":23,"column":48},"end":{"line":39,"column":3}},"line":23},"2":{"name":"(anonymous_2)","decl":{"start":{"line":43,"column":2},"end":{"line":43,"column":3}},"loc":{"start":{"line":43,"column":28},"end":{"line":55,"column":3}},"line":43},"3":{"name":"(anonymous_3)","decl":{"start":{"line":64,"column":2},"end":{"line":64,"column":3}},"loc":{"start":{"line":64,"column":46},"end":{"line":72,"column":3}},"line":64},"4":{"name":"(anonymous_4)","decl":{"start":{"line":76,"column":2},"end":{"line":76,"column":3}},"loc":{"start":{"line":76,"column":26},"end":{"line":90,"column":3}},"line":76}},"branchMap":{"0":{"loc":{"start":{"line":35,"column":6},"end":{"line":37,"column":7}},"type":"if","locations":[{"start":{"line":35,"column":6},"end":{"line":37,"column":7}},{"start":{"line":35,"column":6},"end":{"line":37,"column":7}}],"line":35},"1":{"loc":{"start":{"line":45,"column":4},"end":{"line":47,"column":5}},"type":"if","locations":[{"start":{"line":45,"column":4},"end":{"line":47,"column":5}},{"start":{"line":45,"column":4},"end":{"line":47,"column":5}}],"line":45},"2":{"loc":{"start":{"line":83,"column":4},"end":{"line":87,"column":5}},"type":"if","locations":[{"start":{"line":83,"column":4},"end":{"line":87,"column":5}},{"start":{"line":83,"column":4},"end":{"line":87,"column":5}}],"line":83}},"s":{"0":6,"1":2,"2":2,"3":5,"4":5,"5":5,"6":2,"7":3,"8":6,"9":6,"10":0,"11":6,"12":6,"13":3,"14":3,"15":2,"16":2,"17":1,"18":4,"19":4,"20":2,"21":2,"22":2,"23":2,"24":6},"f":{"0":2,"1":5,"2":6,"3":3,"4":4},"b":{"0":[2,3],"1":[0,6],"2":[2,2]},"_coverageSchema":"43e27e138ebf9cfc5966b082cf9a028302ed4184","hash":"40d10e0d054ad6e9728ae85adbc998c0337794c0"}
,"/Users/maragreene/Desktop/elevate/backend/models/user.js": {"path":"/Users/maragreene/Desktop/elevate/backend/models/user.js","statementMap":{"0":{"start":{"line":1,"column":11},"end":{"line":1,"column":27}},"1":{"start":{"line":2,"column":15},"end":{"line":2,"column":32}},"2":{"start":{"line":3,"column":22},"end":{"line":3,"column":57}},"3":{"start":{"line":7,"column":27},"end":{"line":7,"column":29}},"4":{"start":{"line":19,"column":19},"end":{"line":33,"column":5}},"5":{"start":{"line":39,"column":17},"end":{"line":39,"column":31}},"6":{"start":{"line":44,"column":4},"end":{"line":52,"column":5}},"7":{"start":{"line":47,"column":22},"end":{"line":47,"column":72}},"8":{"start":{"line":48,"column":6},"end":{"line":51,"column":7}},"9":{"start":{"line":49,"column":8},"end":{"line":49,"column":26}},"10":{"start":{"line":50,"column":8},"end":{"line":50,"column":20}},"11":{"start":{"line":54,"column":24},"end":{"line":54,"column":56}},"12":{"start":{"line":55,"column":4},"end":{"line":55,"column":29}},"13":{"start":{"line":56,"column":4},"end":{"line":56,"column":22}},"14":{"start":{"line":66,"column":27},"end":{"line":71,"column":5}},"15":{"start":{"line":73,"column":4},"end":{"line":78,"column":5}},"16":{"start":{"line":74,"column":18},"end":{"line":75,"column":64}},"17":{"start":{"line":76,"column":6},"end":{"line":76,"column":23}},"18":{"start":{"line":77,"column":6},"end":{"line":77,"column":16}},"19":{"start":{"line":80,"column":27},"end":{"line":80,"column":79}},"20":{"start":{"line":81,"column":19},"end":{"line":86,"column":68}},"21":{"start":{"line":87,"column":4},"end":{"line":87,"column":26}},"22":{"start":{"line":93,"column":19},"end":{"line":97,"column":5}},"23":{"start":{"line":98,"column":4},"end":{"line":98,"column":23}},"24":{"start":{"line":104,"column":19},"end":{"line":109,"column":5}},"25":{"start":{"line":110,"column":17},"end":{"line":110,"column":31}},"26":{"start":{"line":111,"column":4},"end":{"line":111,"column":31}},"27":{"start":{"line":113,"column":4},"end":{"line":116,"column":5}},"28":{"start":{"line":114,"column":6},"end":{"line":114,"column":30}},"29":{"start":{"line":115,"column":6},"end":{"line":115,"column":64}},"30":{"start":{"line":117,"column":4},"end":{"line":117,"column":16}},"31":{"start":{"line":131,"column":4},"end":{"line":133,"column":5}},"32":{"start":{"line":132,"column":6},"end":{"line":132,"column":75}},"33":{"start":{"line":135,"column":28},"end":{"line":135,"column":66}},"34":{"start":{"line":137,"column":19},"end":{"line":137,"column":48}},"35":{"start":{"line":138,"column":17},"end":{"line":138,"column":31}},"36":{"start":{"line":140,"column":4},"end":{"line":143,"column":5}},"37":{"start":{"line":142,"column":6},"end":{"line":142,"column":64}},"38":{"start":{"line":145,"column":4},"end":{"line":145,"column":25}},"39":{"start":{"line":146,"column":4},"end":{"line":146,"column":25}},"40":{"start":{"line":148,"column":4},"end":{"line":148,"column":26}},"41":{"start":{"line":155,"column":17},"end":{"line":160,"column":5}},"42":{"start":{"line":162,"column":4},"end":{"line":164,"column":5}},"43":{"start":{"line":163,"column":6},"end":{"line":163,"column":64}},"44":{"start":{"line":171,"column":0},"end":{"line":171,"column":22}}},"fnMap":{"0":{"name":"(anonymous_0)","decl":{"start":{"line":16,"column":2},"end":{"line":16,"column":3}},"loc":{"start":{"line":16,"column":34},"end":{"line":57,"column":3}},"line":16},"1":{"name":"(anonymous_1)","decl":{"start":{"line":63,"column":2},"end":{"line":63,"column":3}},"loc":{"start":{"line":63,"column":30},"end":{"line":88,"column":3}},"line":63},"2":{"name":"(anonymous_2)","decl":{"start":{"line":92,"column":2},"end":{"line":92,"column":3}},"loc":{"start":{"line":92,"column":25},"end":{"line":99,"column":3}},"line":92},"3":{"name":"(anonymous_3)","decl":{"start":{"line":103,"column":2},"end":{"line":103,"column":3}},"loc":{"start":{"line":103,"column":27},"end":{"line":118,"column":3}},"line":103},"4":{"name":"(anonymous_4)","decl":{"start":{"line":130,"column":2},"end":{"line":130,"column":3}},"loc":{"start":{"line":130,"column":32},"end":{"line":149,"column":3}},"line":130},"5":{"name":"(anonymous_5)","decl":{"start":{"line":154,"column":2},"end":{"line":154,"column":3}},"loc":{"start":{"line":154,"column":26},"end":{"line":165,"column":3}},"line":154}},"branchMap":{"0":{"loc":{"start":{"line":44,"column":4},"end":{"line":52,"column":5}},"type":"if","locations":[{"start":{"line":44,"column":4},"end":{"line":52,"column":5}},{"start":{"line":44,"column":4},"end":{"line":52,"column":5}}],"line":44},"1":{"loc":{"start":{"line":48,"column":6},"end":{"line":51,"column":7}},"type":"if","locations":[{"start":{"line":48,"column":6},"end":{"line":51,"column":7}},{"start":{"line":48,"column":6},"end":{"line":51,"column":7}}],"line":48},"2":{"loc":{"start":{"line":73,"column":4},"end":{"line":78,"column":5}},"type":"if","locations":[{"start":{"line":73,"column":4},"end":{"line":78,"column":5}},{"start":{"line":73,"column":4},"end":{"line":78,"column":5}}],"line":73},"3":{"loc":{"start":{"line":113,"column":4},"end":{"line":116,"column":5}},"type":"if","locations":[{"start":{"line":113,"column":4},"end":{"line":116,"column":5}},{"start":{"line":113,"column":4},"end":{"line":116,"column":5}}],"line":113},"4":{"loc":{"start":{"line":131,"column":4},"end":{"line":133,"column":5}},"type":"if","locations":[{"start":{"line":131,"column":4},"end":{"line":133,"column":5}},{"start":{"line":131,"column":4},"end":{"line":133,"column":5}}],"line":131},"5":{"loc":{"start":{"line":140,"column":4},"end":{"line":143,"column":5}},"type":"if","locations":[{"start":{"line":140,"column":4},"end":{"line":143,"column":5}},{"start":{"line":140,"column":4},"end":{"line":143,"column":5}}],"line":140},"6":{"loc":{"start":{"line":162,"column":4},"end":{"line":164,"column":5}},"type":"if","locations":[{"start":{"line":162,"column":4},"end":{"line":164,"column":5}},{"start":{"line":162,"column":4},"end":{"line":164,"column":5}}],"line":162}},"s":{"0":11,"1":11,"2":11,"3":11,"4":40,"5":40,"6":40,"7":38,"8":38,"9":36,"10":36,"11":4,"12":4,"13":4,"14":7,"15":7,"16":2,"17":2,"18":2,"19":5,"20":5,"21":5,"22":1,"23":1,"24":1,"25":1,"26":1,"27":1,"28":0,"29":0,"30":1,"31":3,"32":2,"33":3,"34":3,"35":3,"36":3,"37":1,"38":2,"39":2,"40":2,"41":2,"42":2,"43":0,"44":11},"f":{"0":40,"1":7,"2":1,"3":1,"4":3,"5":2},"b":{"0":[38,2],"1":[36,2],"2":[2,5],"3":[0,1],"4":[2,1],"5":[1,2],"6":[0,2]},"_coverageSchema":"43e27e138ebf9cfc5966b082cf9a028302ed4184","hash":"897cad8896a3d5d2ae4951645ce66fbf7e0dc4bb"}
,"/Users/maragreene/Desktop/elevate/backend/routes/auth.js": {"path":"/Users/maragreene/Desktop/elevate/backend/routes/auth.js","statementMap":{"0":{"start":{"line":3,"column":13},"end":{"line":3,"column":38}},"1":{"start":{"line":4,"column":16},"end":{"line":4,"column":34}},"2":{"start":{"line":5,"column":15},"end":{"line":5,"column":35}},"3":{"start":{"line":6,"column":20},"end":{"line":6,"column":45}},"4":{"start":{"line":7,"column":59},"end":{"line":7,"column":88}},"5":{"start":{"line":10,"column":0},"end":{"line":20,"column":3}},"6":{"start":{"line":11,"column":2},"end":{"line":19,"column":3}},"7":{"start":{"line":13,"column":17},"end":{"line":13,"column":50}},"8":{"start":{"line":15,"column":18},"end":{"line":15,"column":35}},"9":{"start":{"line":16,"column":4},"end":{"line":16,"column":31}},"10":{"start":{"line":18,"column":4},"end":{"line":18,"column":23}},"11":{"start":{"line":23,"column":0},"end":{"line":30,"column":3}},"12":{"start":{"line":24,"column":2},"end":{"line":29,"column":3}},"13":{"start":{"line":25,"column":4},"end":{"line":25,"column":28}},"14":{"start":{"line":28,"column":4},"end":{"line":28,"column":20}},"15":{"start":{"line":33,"column":0},"end":{"line":40,"column":3}},"16":{"start":{"line":34,"column":2},"end":{"line":39,"column":3}},"17":{"start":{"line":35,"column":4},"end":{"line":35,"column":34}},"18":{"start":{"line":38,"column":4},"end":{"line":38,"column":20}},"19":{"start":{"line":44,"column":0},"end":{"line":51,"column":3}},"20":{"start":{"line":45,"column":2},"end":{"line":50,"column":3}},"21":{"start":{"line":46,"column":4},"end":{"line":46,"column":48}},"22":{"start":{"line":49,"column":4},"end":{"line":49,"column":20}},"23":{"start":{"line":54,"column":0},"end":{"line":54,"column":24}}},"fnMap":{"0":{"name":"(anonymous_0)","decl":{"start":{"line":10,"column":17},"end":{"line":10,"column":18}},"loc":{"start":{"line":10,"column":48},"end":{"line":20,"column":1}},"line":10},"1":{"name":"(anonymous_1)","decl":{"start":{"line":23,"column":35},"end":{"line":23,"column":36}},"loc":{"start":{"line":23,"column":60},"end":{"line":30,"column":1}},"line":23},"2":{"name":"(anonymous_2)","decl":{"start":{"line":33,"column":42},"end":{"line":33,"column":43}},"loc":{"start":{"line":33,"column":67},"end":{"line":40,"column":1}},"line":33},"3":{"name":"(anonymous_3)","decl":{"start":{"line":44,"column":38},"end":{"line":44,"column":39}},"loc":{"start":{"line":44,"column":63},"end":{"line":51,"column":1}},"line":44}},"branchMap":{},"s":{"0":5,"1":5,"2":5,"3":5,"4":5,"5":5,"6":37,"7":37,"8":35,"9":35,"10":2,"11":5,"12":0,"13":0,"14":0,"15":5,"16":0,"17":0,"18":0,"19":5,"20":0,"21":0,"22":0,"23":5},"f":{"0":37,"1":0,"2":0,"3":0},"b":{},"_coverageSchema":"43e27e138ebf9cfc5966b082cf9a028302ed4184","hash":"28f2dd13eec0a337ba6de24386da55513afb93bc"}
,"/Users/maragreene/Desktop/elevate/backend/routes/charges.js": {"path":"/Users/maragreene/Desktop/elevate/backend/routes/charges.js","statementMap":{"0":{"start":{"line":3,"column":16},"end":{"line":3,"column":34}},"1":{"start":{"line":4,"column":15},"end":{"line":4,"column":31}},"2":{"start":{"line":6,"column":16},"end":{"line":6,"column":44}},"3":{"start":{"line":7,"column":13},"end":{"line":7,"column":38}},"4":{"start":{"line":11,"column":0},"end":{"line":23,"column":3}},"5":{"start":{"line":12,"column":2},"end":{"line":12,"column":33}},"6":{"start":{"line":13,"column":2},"end":{"line":21,"column":3}},"7":{"start":{"line":14,"column":22},"end":{"line":14,"column":52}},"8":{"start":{"line":15,"column":4},"end":{"line":15,"column":38}},"9":{"start":{"line":16,"column":4},"end":{"line":16,"column":30}},"10":{"start":{"line":20,"column":4},"end":{"line":20,"column":15}},"11":{"start":{"line":25,"column":0},"end":{"line":31,"column":3}},"12":{"start":{"line":26,"column":16},"end":{"line":26,"column":39}},"13":{"start":{"line":27,"column":2},"end":{"line":29,"column":3}},"14":{"start":{"line":28,"column":4},"end":{"line":28,"column":52}},"15":{"start":{"line":30,"column":2},"end":{"line":30,"column":31}},"16":{"start":{"line":34,"column":0},"end":{"line":41,"column":3}},"17":{"start":{"line":35,"column":2},"end":{"line":35,"column":10}},"18":{"start":{"line":37,"column":16},"end":{"line":37,"column":49}},"19":{"start":{"line":40,"column":2},"end":{"line":40,"column":31}},"20":{"start":{"line":45,"column":0},"end":{"line":72,"column":3}},"21":{"start":{"line":46,"column":16},"end":{"line":46,"column":26}},"22":{"start":{"line":47,"column":14},"end":{"line":47,"column":39}},"23":{"start":{"line":48,"column":12},"end":{"line":48,"column":32}},"24":{"start":{"line":49,"column":13},"end":{"line":49,"column":37}},"25":{"start":{"line":50,"column":13},"end":{"line":50,"column":43}},"26":{"start":{"line":51,"column":2},"end":{"line":71,"column":3}},"27":{"start":{"line":52,"column":26},"end":{"line":52,"column":68}},"28":{"start":{"line":53,"column":4},"end":{"line":55,"column":5}},"29":{"start":{"line":54,"column":6},"end":{"line":54,"column":57}},"30":{"start":{"line":56,"column":21},"end":{"line":56,"column":83}},"31":{"start":{"line":57,"column":6},"end":{"line":63,"column":7}},"32":{"start":{"line":58,"column":25},"end":{"line":61,"column":9}},"33":{"start":{"line":62,"column":26},"end":{"line":62,"column":77}},"34":{"start":{"line":65,"column":6},"end":{"line":65,"column":34}},"35":{"start":{"line":70,"column":4},"end":{"line":70,"column":33}},"36":{"start":{"line":76,"column":0},"end":{"line":86,"column":3}},"37":{"start":{"line":77,"column":2},"end":{"line":84,"column":3}},"38":{"start":{"line":78,"column":21},"end":{"line":78,"column":61}},"39":{"start":{"line":79,"column":4},"end":{"line":79,"column":30}},"40":{"start":{"line":83,"column":4},"end":{"line":83,"column":15}},"41":{"start":{"line":88,"column":0},"end":{"line":88,"column":24}}},"fnMap":{"0":{"name":"(anonymous_0)","decl":{"start":{"line":11,"column":20},"end":{"line":11,"column":21}},"loc":{"start":{"line":11,"column":52},"end":{"line":23,"column":1}},"line":11},"1":{"name":"(anonymous_1)","decl":{"start":{"line":25,"column":16},"end":{"line":25,"column":17}},"loc":{"start":{"line":25,"column":48},"end":{"line":31,"column":1}},"line":25},"2":{"name":"(anonymous_2)","decl":{"start":{"line":34,"column":19},"end":{"line":34,"column":20}},"loc":{"start":{"line":34,"column":51},"end":{"line":41,"column":1}},"line":34},"3":{"name":"(anonymous_3)","decl":{"start":{"line":45,"column":18},"end":{"line":45,"column":19}},"loc":{"start":{"line":45,"column":50},"end":{"line":72,"column":1}},"line":45},"4":{"name":"(anonymous_4)","decl":{"start":{"line":76,"column":26},"end":{"line":76,"column":27}},"loc":{"start":{"line":76,"column":58},"end":{"line":86,"column":1}},"line":76}},"branchMap":{"0":{"loc":{"start":{"line":27,"column":2},"end":{"line":29,"column":3}},"type":"if","locations":[{"start":{"line":27,"column":2},"end":{"line":29,"column":3}},{"start":{"line":27,"column":2},"end":{"line":29,"column":3}}],"line":27},"1":{"loc":{"start":{"line":53,"column":4},"end":{"line":55,"column":5}},"type":"if","locations":[{"start":{"line":53,"column":4},"end":{"line":55,"column":5}},{"start":{"line":53,"column":4},"end":{"line":55,"column":5}}],"line":53},"2":{"loc":{"start":{"line":57,"column":6},"end":{"line":63,"column":7}},"type":"if","locations":[{"start":{"line":57,"column":6},"end":{"line":63,"column":7}},{"start":{"line":57,"column":6},"end":{"line":63,"column":7}}],"line":57}},"s":{"0":5,"1":5,"2":5,"3":5,"4":5,"5":1,"6":1,"7":1,"8":1,"9":1,"10":0,"11":5,"12":1,"13":1,"14":0,"15":1,"16":5,"17":1,"18":1,"19":1,"20":5,"21":3,"22":3,"23":3,"24":3,"25":3,"26":3,"27":3,"28":3,"29":1,"30":2,"31":1,"32":1,"33":1,"34":1,"35":1,"36":5,"37":0,"38":0,"39":0,"40":0,"41":5},"f":{"0":1,"1":1,"2":1,"3":3,"4":0},"b":{"0":[0,1],"1":[1,2],"2":[1,0]},"_coverageSchema":"43e27e138ebf9cfc5966b082cf9a028302ed4184","hash":"0f707ccb2c7820dc425b1f98501a910db46aaa99"}
,"/Users/maragreene/Desktop/elevate/backend/routes/salaries.js": {"path":"/Users/maragreene/Desktop/elevate/backend/routes/salaries.js","statementMap":{"0":{"start":{"line":3,"column":16},"end":{"line":3,"column":34}},"1":{"start":{"line":4,"column":15},"end":{"line":4,"column":42}},"2":{"start":{"line":5,"column":44},"end":{"line":5,"column":73}},"3":{"start":{"line":7,"column":15},"end":{"line":7,"column":35}},"4":{"start":{"line":11,"column":0},"end":{"line":18,"column":3}},"5":{"start":{"line":12,"column":2},"end":{"line":17,"column":3}},"6":{"start":{"line":13,"column":21},"end":{"line":13,"column":43}},"7":{"start":{"line":14,"column":4},"end":{"line":14,"column":34}},"8":{"start":{"line":16,"column":4},"end":{"line":16,"column":21}},"9":{"start":{"line":24,"column":0},"end":{"line":32,"column":3}},"10":{"start":{"line":25,"column":2},"end":{"line":31,"column":3}},"11":{"start":{"line":26,"column":19},"end":{"line":26,"column":32}},"12":{"start":{"line":27,"column":21},"end":{"line":27,"column":66}},"13":{"start":{"line":28,"column":4},"end":{"line":28,"column":34}},"14":{"start":{"line":30,"column":4},"end":{"line":30,"column":21}},"15":{"start":{"line":36,"column":0},"end":{"line":43,"column":3}},"16":{"start":{"line":37,"column":2},"end":{"line":42,"column":3}},"17":{"start":{"line":38,"column":19},"end":{"line":38,"column":48}},"18":{"start":{"line":39,"column":4},"end":{"line":39,"column":44}},"19":{"start":{"line":41,"column":4},"end":{"line":41,"column":21}},"20":{"start":{"line":49,"column":0},"end":{"line":57,"column":3}},"21":{"start":{"line":50,"column":2},"end":{"line":56,"column":3}},"22":{"start":{"line":51,"column":19},"end":{"line":51,"column":32}},"23":{"start":{"line":52,"column":19},"end":{"line":52,"column":66}},"24":{"start":{"line":53,"column":4},"end":{"line":53,"column":32}},"25":{"start":{"line":55,"column":4},"end":{"line":55,"column":21}},"26":{"start":{"line":61,"column":0},"end":{"line":68,"column":3}},"27":{"start":{"line":62,"column":2},"end":{"line":67,"column":3}},"28":{"start":{"line":63,"column":4},"end":{"line":63,"column":39}},"29":{"start":{"line":64,"column":4},"end":{"line":64,"column":51}},"30":{"start":{"line":66,"column":4},"end":{"line":66,"column":21}},"31":{"start":{"line":70,"column":0},"end":{"line":70,"column":24}}},"fnMap":{"0":{"name":"(anonymous_0)","decl":{"start":{"line":11,"column":16},"end":{"line":11,"column":17}},"loc":{"start":{"line":11,"column":48},"end":{"line":18,"column":1}},"line":11},"1":{"name":"(anonymous_1)","decl":{"start":{"line":24,"column":33},"end":{"line":24,"column":34}},"loc":{"start":{"line":24,"column":65},"end":{"line":32,"column":1}},"line":24},"2":{"name":"(anonymous_2)","decl":{"start":{"line":36,"column":31},"end":{"line":36,"column":32}},"loc":{"start":{"line":36,"column":63},"end":{"line":43,"column":1}},"line":36},"3":{"name":"(anonymous_3)","decl":{"start":{"line":49,"column":35},"end":{"line":49,"column":36}},"loc":{"start":{"line":49,"column":67},"end":{"line":57,"column":1}},"line":49},"4":{"name":"(anonymous_4)","decl":{"start":{"line":61,"column":36},"end":{"line":61,"column":37}},"loc":{"start":{"line":61,"column":68},"end":{"line":68,"column":1}},"line":61}},"branchMap":{},"s":{"0":5,"1":5,"2":5,"3":5,"4":5,"5":1,"6":1,"7":1,"8":0,"9":5,"10":2,"11":2,"12":2,"13":1,"14":1,"15":5,"16":1,"17":1,"18":1,"19":0,"20":5,"21":1,"22":1,"23":1,"24":1,"25":0,"26":5,"27":2,"28":2,"29":1,"30":1,"31":5},"f":{"0":1,"1":2,"2":1,"3":1,"4":2},"b":{},"_coverageSchema":"43e27e138ebf9cfc5966b082cf9a028302ed4184","hash":"7e706cdfb4f93007651ee2af1fe88d4ab8d2edbe"}
,"/Users/maragreene/Desktop/elevate/backend/routes/users.js": {"path":"/Users/maragreene/Desktop/elevate/backend/routes/users.js","statementMap":{"0":{"start":{"line":3,"column":16},"end":{"line":3,"column":34}},"1":{"start":{"line":4,"column":44},"end":{"line":4,"column":73}},"2":{"start":{"line":5,"column":13},"end":{"line":5,"column":38}},"3":{"start":{"line":6,"column":20},"end":{"line":6,"column":45}},"4":{"start":{"line":8,"column":15},"end":{"line":8,"column":31}},"5":{"start":{"line":12,"column":0},"end":{"line":19,"column":3}},"6":{"start":{"line":13,"column":2},"end":{"line":18,"column":3}},"7":{"start":{"line":14,"column":18},"end":{"line":14,"column":38}},"8":{"start":{"line":15,"column":4},"end":{"line":15,"column":31}},"9":{"start":{"line":17,"column":4},"end":{"line":17,"column":21}},"10":{"start":{"line":23,"column":0},"end":{"line":32,"column":3}},"11":{"start":{"line":25,"column":2},"end":{"line":31,"column":3}},"12":{"start":{"line":26,"column":17},"end":{"line":26,"column":50}},"13":{"start":{"line":27,"column":4},"end":{"line":27,"column":30}},"14":{"start":{"line":30,"column":4},"end":{"line":30,"column":21}},"15":{"start":{"line":36,"column":0},"end":{"line":44,"column":3}},"16":{"start":{"line":37,"column":2},"end":{"line":43,"column":3}},"17":{"start":{"line":38,"column":20},"end":{"line":38,"column":49}},"18":{"start":{"line":39,"column":18},"end":{"line":39,"column":38}},"19":{"start":{"line":40,"column":4},"end":{"line":40,"column":43}},"20":{"start":{"line":42,"column":4},"end":{"line":42,"column":21}},"21":{"start":{"line":48,"column":0},"end":{"line":55,"column":3}},"22":{"start":{"line":49,"column":2},"end":{"line":54,"column":3}},"23":{"start":{"line":50,"column":17},"end":{"line":50,"column":59}},"24":{"start":{"line":51,"column":4},"end":{"line":51,"column":30}},"25":{"start":{"line":53,"column":4},"end":{"line":53,"column":21}},"26":{"start":{"line":59,"column":0},"end":{"line":66,"column":3}},"27":{"start":{"line":60,"column":2},"end":{"line":65,"column":3}},"28":{"start":{"line":61,"column":4},"end":{"line":61,"column":37}},"29":{"start":{"line":62,"column":4},"end":{"line":62,"column":49}},"30":{"start":{"line":64,"column":4},"end":{"line":64,"column":21}},"31":{"start":{"line":68,"column":0},"end":{"line":68,"column":24}}},"fnMap":{"0":{"name":"(anonymous_0)","decl":{"start":{"line":12,"column":30},"end":{"line":12,"column":31}},"loc":{"start":{"line":12,"column":62},"end":{"line":19,"column":1}},"line":12},"1":{"name":"(anonymous_1)","decl":{"start":{"line":23,"column":52},"end":{"line":23,"column":53}},"loc":{"start":{"line":23,"column":84},"end":{"line":32,"column":1}},"line":23},"2":{"name":"(anonymous_2)","decl":{"start":{"line":36,"column":17},"end":{"line":36,"column":18}},"loc":{"start":{"line":36,"column":49},"end":{"line":44,"column":1}},"line":36},"3":{"name":"(anonymous_3)","decl":{"start":{"line":48,"column":40},"end":{"line":48,"column":41}},"loc":{"start":{"line":48,"column":72},"end":{"line":55,"column":1}},"line":48},"4":{"name":"(anonymous_4)","decl":{"start":{"line":59,"column":41},"end":{"line":59,"column":42}},"loc":{"start":{"line":59,"column":73},"end":{"line":66,"column":1}},"line":59}},"branchMap":{},"s":{"0":5,"1":5,"2":5,"3":5,"4":5,"5":5,"6":1,"7":1,"8":1,"9":0,"10":5,"11":1,"12":1,"13":1,"14":0,"15":5,"16":2,"17":2,"18":1,"19":1,"20":1,"21":5,"22":3,"23":3,"24":2,"25":1,"26":5,"27":2,"28":2,"29":2,"30":0,"31":5},"f":{"0":1,"1":1,"2":2,"3":3,"4":2},"b":{},"_coverageSchema":"43e27e138ebf9cfc5966b082cf9a028302ed4184","hash":"a0de6544fd74afb43f945ae9693d0a6b40d6d0a2"}
}
