TN:
SF:/Users/maragreene/Desktop/elevate/backend/app.js
FN:25,(anonymous_0)
FN:34,(anonymous_1)
FNF:2
FNH:1
FNDA:0,(anonymous_0)
FNDA:12,(anonymous_1)
DA:2,5
DA:3,5
DA:4,5
DA:5,5
DA:9,5
DA:10,5
DA:11,5
DA:12,5
DA:14,5
DA:15,5
DA:18,5
DA:19,5
DA:20,5
DA:21,5
DA:25,5
DA:26,0
DA:29,0
DA:34,5
DA:35,12
DA:36,12
DA:38,12
DA:44,5
LF:22
LH:20
BRDA:35,0,0,12
BRDA:35,0,1,2
BRF:2
BRH:2
end_of_record
TN:
SF:/Users/maragreene/Desktop/elevate/backend/config.js
FNF:0
FNH:0
DA:3,7
DA:5,7
DA:7,7
DA:11,7
DA:12,7
DA:14,0
DA:17,7
DA:19,7
DA:27,7
DA:35,7
DA:43,7
LF:11
LH:10
BRDA:5,0,0,7
BRDA:5,0,1,7
BRDA:7,1,0,7
BRDA:7,1,1,7
BRDA:11,2,0,7
BRDA:11,2,1,0
BRDA:14,3,0,0
BRDA:14,3,1,0
BRF:8
BRH:5
end_of_record
TN:
SF:/Users/maragreene/Desktop/elevate/backend/createToken.js
FN:5,createToken
FNF:1
FNH:1
FNDA:36,createToken
DA:1,5
DA:2,5
DA:6,36
DA:10,36
DA:13,5
LF:5
LH:5
BRF:0
BRH:0
end_of_record
TN:
SF:/Users/maragreene/Desktop/elevate/backend/db.js
FNF:0
FNH:0
DA:3,7
DA:4,7
DA:6,7
DA:10,7
DA:13,7
LF:5
LH:5
BRF:0
BRH:0
end_of_record
TN:
SF:/Users/maragreene/Desktop/elevate/backend/helpers/partialUpdate.js
FN:14,sqlForPartialUpdate
FNF:1
FNH:1
FNDA:7,sqlForPartialUpdate
DA:18,7
DA:19,7
DA:22,7
DA:23,14
DA:24,3
DA:28,7
DA:29,11
DA:30,11
DA:34,7
DA:35,7
DA:37,7
DA:38,7
DA:40,7
DA:44,8
LF:14
LH:14
BRDA:23,0,0,3
BRDA:23,0,1,11
BRF:2
BRH:2
end_of_record
TN:
SF:/Users/maragreene/Desktop/elevate/backend/middleware/auth.js
FN:15,authRequired
FN:38,adminRequired
FN:67,ensureCorrectUser
FNF:3
FNH:2
FNDA:9,authRequired
FNDA:0,adminRequired
FNDA:12,ensureCorrectUser
DA:3,5
DA:4,5
DA:16,9
DA:17,9
DA:18,9
DA:19,9
DA:20,9
DA:24,0
DA:25,0
DA:26,0
DA:39,0
DA:40,0
DA:41,0
DA:42,0
DA:44,0
DA:45,0
DA:48,0
DA:51,0
DA:52,0
DA:54,0
DA:68,12
DA:69,12
DA:70,12
DA:71,11
DA:73,11
DA:74,6
DA:77,5
DA:80,6
DA:81,6
DA:83,6
DA:87,5
LF:31
LH:18
BRDA:17,0,0,9
BRDA:17,0,1,0
BRDA:40,1,0,0
BRDA:40,1,1,0
BRDA:44,2,0,0
BRDA:44,2,1,0
BRDA:69,3,0,12
BRDA:69,3,1,0
BRDA:73,4,0,6
BRDA:73,4,1,5
BRF:10
BRH:4
end_of_record
TN:
SF:/Users/maragreene/Desktop/elevate/backend/models/charges.js
FN:10,(anonymous_0)
FN:17,(anonymous_1)
FN:38,(anonymous_2)
FN:50,(anonymous_3)
FN:61,(anonymous_4)
FN:79,(anonymous_5)
FN:100,(anonymous_6)
FNF:7
FNH:7
FNDA:2,(anonymous_0)
FNDA:1,(anonymous_1)
FNDA:4,(anonymous_2)
FNDA:2,(anonymous_3)
FNDA:5,(anonymous_4)
FNDA:2,(anonymous_5)
FNDA:1,(anonymous_6)
DA:1,6
DA:2,6
DA:3,6
DA:11,2
DA:14,2
DA:18,1
DA:19,0
DA:21,1
DA:30,1
DA:31,0
DA:34,1
DA:40,4
DA:47,4
DA:52,2
DA:58,1
DA:62,5
DA:63,5
DA:69,4
DA:80,2
DA:87,2
DA:88,2
DA:91,2
DA:92,0
DA:93,0
DA:94,0
DA:96,2
DA:101,1
DA:107,1
DA:108,0
DA:109,0
DA:110,0
DA:113,1
DA:121,6
LF:33
LH:25
BRDA:18,0,0,0
BRDA:18,0,1,1
BRDA:30,1,0,0
BRDA:30,1,1,1
BRDA:91,2,0,0
BRDA:91,2,1,2
BRDA:107,3,0,0
BRDA:107,3,1,1
BRF:8
BRH:4
end_of_record
TN:
SF:/Users/maragreene/Desktop/elevate/backend/models/salary.js
FN:9,(anonymous_0)
FN:23,(anonymous_1)
FN:43,(anonymous_2)
FN:64,(anonymous_3)
FN:76,(anonymous_4)
FNF:5
FNH:5
FNDA:2,(anonymous_0)
FNDA:5,(anonymous_1)
FNDA:6,(anonymous_2)
FNDA:3,(anonymous_3)
FNDA:4,(anonymous_4)
DA:1,6
DA:10,2
DA:18,2
DA:24,5
DA:34,5
DA:35,5
DA:36,2
DA:38,3
DA:44,6
DA:45,6
DA:46,0
DA:48,6
DA:54,6
DA:65,3
DA:66,3
DA:67,2
DA:68,2
DA:70,1
DA:77,4
DA:83,4
DA:84,2
DA:85,2
DA:86,2
DA:89,2
DA:93,6
LF:25
LH:24
BRDA:35,0,0,2
BRDA:35,0,1,3
BRDA:45,1,0,0
BRDA:45,1,1,6
BRDA:83,2,0,2
BRDA:83,2,1,2
BRF:6
BRH:5
end_of_record
TN:
SF:/Users/maragreene/Desktop/elevate/backend/models/user.js
FN:16,(anonymous_0)
FN:63,(anonymous_1)
FN:92,(anonymous_2)
FN:103,(anonymous_3)
FN:130,(anonymous_4)
FN:154,(anonymous_5)
FNF:6
FNH:6
FNDA:40,(anonymous_0)
FNDA:7,(anonymous_1)
FNDA:1,(anonymous_2)
FNDA:1,(anonymous_3)
FNDA:3,(anonymous_4)
FNDA:2,(anonymous_5)
DA:1,11
DA:2,11
DA:3,11
DA:7,11
DA:19,40
DA:39,40
DA:44,40
DA:47,38
DA:48,38
DA:49,36
DA:50,36
DA:54,4
DA:55,4
DA:56,4
DA:66,7
DA:73,7
DA:74,2
DA:76,2
DA:77,2
DA:80,5
DA:81,5
DA:87,5
DA:93,1
DA:98,1
DA:104,1
DA:110,1
DA:111,1
DA:113,1
DA:114,0
DA:115,0
DA:117,1
DA:131,3
DA:132,2
DA:135,3
DA:137,3
DA:138,3
DA:140,3
DA:142,1
DA:145,2
DA:146,2
DA:148,2
DA:155,2
DA:162,2
DA:163,0
DA:171,11
LF:45
LH:42
BRDA:44,0,0,38
BRDA:44,0,1,2
BRDA:48,1,0,36
BRDA:48,1,1,2
BRDA:73,2,0,2
BRDA:73,2,1,5
BRDA:113,3,0,0
BRDA:113,3,1,1
BRDA:131,4,0,2
BRDA:131,4,1,1
BRDA:140,5,0,1
BRDA:140,5,1,2
BRDA:162,6,0,0
BRDA:162,6,1,2
BRF:14
BRH:12
end_of_record
TN:
SF:/Users/maragreene/Desktop/elevate/backend/routes/auth.js
FN:10,(anonymous_0)
FN:23,(anonymous_1)
FN:33,(anonymous_2)
FN:44,(anonymous_3)
FNF:4
FNH:1
FNDA:37,(anonymous_0)
FNDA:0,(anonymous_1)
FNDA:0,(anonymous_2)
FNDA:0,(anonymous_3)
DA:3,5
DA:4,5
DA:5,5
DA:6,5
DA:7,5
DA:10,5
DA:11,37
DA:13,37
DA:15,35
DA:16,35
DA:18,2
DA:23,5
DA:24,0
DA:25,0
DA:28,0
DA:33,5
DA:34,0
DA:35,0
DA:38,0
DA:44,5
DA:45,0
DA:46,0
DA:49,0
DA:54,5
LF:24
LH:15
BRF:0
BRH:0
end_of_record
TN:
SF:/Users/maragreene/Desktop/elevate/backend/routes/charges.js
FN:11,(anonymous_0)
FN:25,(anonymous_1)
FN:34,(anonymous_2)
FN:45,(anonymous_3)
FN:76,(anonymous_4)
FNF:5
FNH:4
FNDA:1,(anonymous_0)
FNDA:1,(anonymous_1)
FNDA:1,(anonymous_2)
FNDA:3,(anonymous_3)
FNDA:0,(anonymous_4)
DA:3,5
DA:4,5
DA:6,5
DA:7,5
DA:11,5
DA:12,1
DA:13,1
DA:14,1
DA:15,1
DA:16,1
DA:20,0
DA:25,5
DA:26,1
DA:27,1
DA:28,0
DA:30,1
DA:34,5
DA:35,1
DA:37,1
DA:40,1
DA:45,5
DA:46,3
DA:47,3
DA:48,3
DA:49,3
DA:50,3
DA:51,3
DA:52,3
DA:53,3
DA:54,1
DA:56,2
DA:57,1
DA:58,1
DA:62,1
DA:65,1
DA:70,1
DA:76,5
DA:77,0
DA:78,0
DA:79,0
DA:83,0
DA:88,5
LF:42
LH:36
BRDA:27,0,0,0
BRDA:27,0,1,1
BRDA:53,1,0,1
BRDA:53,1,1,2
BRDA:57,2,0,1
BRDA:57,2,1,0
BRF:6
BRH:4
end_of_record
TN:
SF:/Users/maragreene/Desktop/elevate/backend/routes/salaries.js
FN:11,(anonymous_0)
FN:24,(anonymous_1)
FN:36,(anonymous_2)
FN:49,(anonymous_3)
FN:61,(anonymous_4)
FNF:5
FNH:5
FNDA:1,(anonymous_0)
FNDA:2,(anonymous_1)
FNDA:1,(anonymous_2)
FNDA:1,(anonymous_3)
FNDA:2,(anonymous_4)
DA:3,5
DA:4,5
DA:5,5
DA:7,5
DA:11,5
DA:12,1
DA:13,1
DA:14,1
DA:16,0
DA:24,5
DA:25,2
DA:26,2
DA:27,2
DA:28,1
DA:30,1
DA:36,5
DA:37,1
DA:38,1
DA:39,1
DA:41,0
DA:49,5
DA:50,1
DA:51,1
DA:52,1
DA:53,1
DA:55,0
DA:61,5
DA:62,2
DA:63,2
DA:64,1
DA:66,1
DA:70,5
LF:32
LH:29
BRF:0
BRH:0
end_of_record
TN:
SF:/Users/maragreene/Desktop/elevate/backend/routes/users.js
FN:12,(anonymous_0)
FN:23,(anonymous_1)
FN:36,(anonymous_2)
FN:48,(anonymous_3)
FN:59,(anonymous_4)
FNF:5
FNH:5
FNDA:1,(anonymous_0)
FNDA:1,(anonymous_1)
FNDA:2,(anonymous_2)
FNDA:3,(anonymous_3)
FNDA:2,(anonymous_4)
DA:3,5
DA:4,5
DA:5,5
DA:6,5
DA:8,5
DA:12,5
DA:13,1
DA:14,1
DA:15,1
DA:17,0
DA:23,5
DA:25,1
DA:26,1
DA:27,1
DA:30,0
DA:36,5
DA:37,2
DA:38,2
DA:39,1
DA:40,1
DA:42,1
DA:48,5
DA:49,3
DA:50,3
DA:51,2
DA:53,1
DA:59,5
DA:60,2
DA:61,2
DA:62,2
DA:64,0
DA:68,5
LF:32
LH:29
BRF:0
BRH:0
end_of_record
